# JRE version: Java(TM) SE Runtime Environment (8.0_201-b09) (build 1.8.0_201-b09)
# Java VM: Java HotSpot(TM) 64-Bit Server VM (25.201-b09 mixed mode linux-amd64 compressed oops)
Heap:
 PSYoungGen      total 163840K, used 0K [0x00000000ec900000, 0x00000000fb880000, 0x0000000100000000)
  eden space 117760K, 0% used [0x00000000ec900000,0x00000000ec900000,0x00000000f3c00000)
  from space 46080K, 0% used [0x00000000f6d80000,0x00000000f6d80000,0x00000000f9a80000)
  to   space 50688K, 0% used [0x00000000f3c00000,0x00000000f3c00000,0x00000000f6d80000)
 ParOldGen       total 197632K, used 156525K [0x00000000c5a00000, 0x00000000d1b00000, 0x00000000ec900000)
  object space 197632K, 79% used [0x00000000c5a00000,0x00000000cf2db540,0x00000000d1b00000)
 Metaspace       used 50389K, capacity 53566K, committed 53760K, reserved 1095680K
  class space    used 6858K, capacity 7598K, committed 7680K, reserved 1048576K
GC Heap History (10 events):
Event: 14.298 GC heap after
Heap after GC invocations=11 (full 2):
 PSYoungGen      total 125440K, used 0K [0x00000000ec900000, 0x00000000f5980000, 0x0000000100000000)
  eden space 117760K, 0% used [0x00000000ec900000,0x00000000ec900000,0x00000000f3c00000)
  from space 7680K, 0% used [0x00000000f3c00000,0x00000000f3c00000,0x00000000f4380000)
  to   space 11776K, 0% used [0x00000000f4e00000,0x00000000f4e00000,0x00000000f5980000)
 ParOldGen       total 56832K, used 20720K [0x00000000c5a00000, 0x00000000c9180000, 0x00000000ec900000)
  object space 56832K, 36% used [0x00000000c5a00000,0x00000000c6e3c128,0x00000000c9180000)
 Metaspace       used 33567K, capacity 35318K, committed 35456K, reserved 1079296K
  class space    used 4501K, capacity 4916K, committed 4992K, reserved 1048576K
}
Event: 16.975 GC heap before
{Heap before GC invocations=12 (full 2):
 PSYoungGen      total 125440K, used 117760K [0x00000000ec900000, 0x00000000f5980000, 0x0000000100000000)
  eden space 117760K, 100% used [0x00000000ec900000,0x00000000f3c00000,0x00000000f3c00000)
  from space 7680K, 0% used [0x00000000f3c00000,0x00000000f3c00000,0x00000000f4380000)
  to   space 11776K, 0% used [0x00000000f4e00000,0x00000000f4e00000,0x00000000f5980000)
 ParOldGen       total 56832K, used 20720K [0x00000000c5a00000, 0x00000000c9180000, 0x00000000ec900000)
  object space 56832K, 36% used [0x00000000c5a00000,0x00000000c6e3c128,0x00000000c9180000)
 Metaspace       used 44087K, capacity 46578K, committed 46848K, reserved 1089536K
  class space    used 5951K, capacity 6634K, committed 6656K, reserved 1048576K
Event: 17.003 GC heap after
Heap after GC invocations=12 (full 2):
 PSYoungGen      total 109568K, used 11763K [0x00000000ec900000, 0x00000000fab00000, 0x0000000100000000)
  eden space 97792K, 0% used [0x00000000ec900000,0x00000000ec900000,0x00000000f2880000)
  from space 11776K, 99% used [0x00000000f4e00000,0x00000000f597cf08,0x00000000f5980000)
  to   space 38400K, 0% used [0x00000000f2880000,0x00000000f2880000,0x00000000f4e00000)
 ParOldGen       total 90624K, used 87554K [0x00000000c5a00000, 0x00000000cb280000, 0x00000000ec900000)
  object space 90624K, 96% used [0x00000000c5a00000,0x00000000caf80a88,0x00000000cb280000)
 Metaspace       used 44087K, capacity 46578K, committed 46848K, reserved 1089536K
  class space    used 5951K, capacity 6634K, committed 6656K, reserved 1048576K
}
Event: 17.003 GC heap before
{Heap before GC invocations=13 (full 3):
 PSYoungGen      total 109568K, used 11763K [0x00000000ec900000, 0x00000000fab00000, 0x0000000100000000)
  eden space 97792K, 0% used [0x00000000ec900000,0x00000000ec900000,0x00000000f2880000)
  from space 11776K, 99% used [0x00000000f4e00000,0x00000000f597cf08,0x00000000f5980000)
  to   space 38400K, 0% used [0x00000000f2880000,0x00000000f2880000,0x00000000f4e00000)
 ParOldGen       total 90624K, used 87554K [0x00000000c5a00000, 0x00000000cb280000, 0x00000000ec900000)
  object space 90624K, 96% used [0x00000000c5a00000,0x00000000caf80a88,0x00000000cb280000)
 Metaspace       used 44087K, capacity 46578K, committed 46848K, reserved 1089536K
  class space    used 5951K, capacity 6634K, committed 6656K, reserved 1048576K
Event: 17.085 GC heap after
Heap after GC invocations=13 (full 3):
 PSYoungGen      total 109568K, used 0K [0x00000000ec900000, 0x00000000fab00000, 0x0000000100000000)
  eden space 97792K, 0% used [0x00000000ec900000,0x00000000ec900000,0x00000000f2880000)
  from space 11776K, 0% used [0x00000000f4e00000,0x00000000f4e00000,0x00000000f5980000)
  to   space 38400K, 0% used [0x00000000f2880000,0x00000000f2880000,0x00000000f4e00000)
 ParOldGen       total 130048K, used 60213K [0x00000000c5a00000, 0x00000000cd900000, 0x00000000ec900000)
  object space 130048K, 46% used [0x00000000c5a00000,0x00000000c94cd7f0,0x00000000cd900000)
 Metaspace       used 44087K, capacity 46578K, committed 46848K, reserved 1089536K
  class space    used 5951K, capacity 6634K, committed 6656K, reserved 1048576K
}
Event: 18.632 GC heap before
{Heap before GC invocations=14 (full 3):
 PSYoungGen      total 109568K, used 97792K [0x00000000ec900000, 0x00000000fab00000, 0x0000000100000000)
  eden space 97792K, 100% used [0x00000000ec900000,0x00000000f2880000,0x00000000f2880000)
  from space 11776K, 0% used [0x00000000f4e00000,0x00000000f4e00000,0x00000000f5980000)
  to   space 38400K, 0% used [0x00000000f2880000,0x00000000f2880000,0x00000000f4e00000)
 ParOldGen       total 130048K, used 60213K [0x00000000c5a00000, 0x00000000cd900000, 0x00000000ec900000)
  object space 130048K, 46% used [0x00000000c5a00000,0x00000000c94cd7f0,0x00000000cd900000)
 Metaspace       used 49003K, capacity 52038K, committed 52224K, reserved 1093632K
  class space    used 6661K, capacity 7404K, committed 7424K, reserved 1048576K
Event: 18.645 GC heap after
Heap after GC invocations=14 (full 3):
 PSYoungGen      total 136192K, used 38371K [0x00000000ec900000, 0x00000000f9a80000, 0x0000000100000000)
  eden space 97792K, 0% used [0x00000000ec900000,0x00000000ec900000,0x00000000f2880000)
  from space 38400K, 99% used [0x00000000f2880000,0x00000000f4df8e40,0x00000000f4e00000)
  to   space 46080K, 0% used [0x00000000f6d80000,0x00000000f6d80000,0x00000000f9a80000)
 ParOldGen       total 130048K, used 62887K [0x00000000c5a00000, 0x00000000cd900000, 0x00000000ec900000)
  object space 130048K, 48% used [0x00000000c5a00000,0x00000000c9769d18,0x00000000cd900000)
 Metaspace       used 49003K, capacity 52038K, committed 52224K, reserved 1093632K
  class space    used 6661K, capacity 7404K, committed 7424K, reserved 1048576K
}
Event: 114.811 GC heap before
{Heap before GC invocations=15 (full 3):
 PSYoungGen      total 136192K, used 136163K [0x00000000ec900000, 0x00000000f9a80000, 0x0000000100000000)
  eden space 97792K, 100% used [0x00000000ec900000,0x00000000f2880000,0x00000000f2880000)
  from space 38400K, 99% used [0x00000000f2880000,0x00000000f4df8e40,0x00000000f4e00000)
  to   space 46080K, 0% used [0x00000000f6d80000,0x00000000f6d80000,0x00000000f9a80000)
 ParOldGen       total 130048K, used 62887K [0x00000000c5a00000, 0x00000000cd900000, 0x00000000ec900000)
  object space 130048K, 48% used [0x00000000c5a00000,0x00000000c9769d18,0x00000000cd900000)
 Metaspace       used 50389K, capacity 53566K, committed 53760K, reserved 1095680K
  class space    used 6858K, capacity 7598K, committed 7680K, reserved 1048576K
Event: 145.564 GC heap after
Heap after GC invocations=15 (full 3):
 PSYoungGen      total 163840K, used 35637K [0x00000000ec900000, 0x00000000fb880000, 0x0000000100000000)
  eden space 117760K, 0% used [0x00000000ec900000,0x00000000ec900000,0x00000000f3c00000)
  from space 46080K, 77% used [0x00000000f6d80000,0x00000000f904d580,0x00000000f9a80000)
  to   space 50688K, 0% used [0x00000000f3c00000,0x00000000f3c00000,0x00000000f6d80000)
 ParOldGen       total 197632K, used 182659K [0x00000000c5a00000, 0x00000000d1b00000, 0x00000000ec900000)
  object space 197632K, 92% used [0x00000000c5a00000,0x00000000d0c60e98,0x00000000d1b00000)
 Metaspace       used 50389K, capacity 53566K, committed 53760K, reserved 1095680K
  class space    used 6858K, capacity 7598K, committed 7680K, reserved 1048576K
}
Event: 146.389 GC heap before
{Heap before GC invocations=16 (full 4):
 PSYoungGen      total 163840K, used 35637K [0x00000000ec900000, 0x00000000fb880000, 0x0000000100000000)
  eden space 117760K, 0% used [0x00000000ec900000,0x00000000ec900000,0x00000000f3c00000)
  from space 46080K, 77% used [0x00000000f6d80000,0x00000000f904d580,0x00000000f9a80000)
  to   space 50688K, 0% used [0x00000000f3c00000,0x00000000f3c00000,0x00000000f6d80000)
 ParOldGen       total 197632K, used 182659K [0x00000000c5a00000, 0x00000000d1b00000, 0x00000000ec900000)
  object space 197632K, 92% used [0x00000000c5a00000,0x00000000d0c60e98,0x00000000d1b00000)
 Metaspace       used 50389K, capacity 53566K, committed 53760K, reserved 1095680K
  class space    used 6858K, capacity 7598K, committed 7680K, reserved 1048576K

