# JRE version: Java(TM) SE Runtime Environment (8.0_201-b09) (build 1.8.0_201-b09)
# Java VM: Java HotSpot(TM) 64-Bit Server VM (25.201-b09 mixed mode linux-amd64 compressed oops)
Heap:
 PSYoungGen      total 167424K, used 0K [0x00000000ec900000, 0x00000000f7e00000, 0x0000000100000000)
  eden space 159744K, 0% used [0x00000000ec900000,0x00000000ec900000,0x00000000f6500000)
  from space 7680K, 0% used [0x00000000f7680000,0x00000000f7680000,0x00000000f7e00000)
  to   space 11776K, 0% used [0x00000000f6700000,0x00000000f6700000,0x00000000f7280000)
 ParOldGen       total 173568K, used 142120K [0x00000000c5a00000, 0x00000000d0380000, 0x00000000ec900000)
  object space 173568K, 81% used [0x00000000c5a00000,0x00000000ce4ca000,0x00000000d0380000)
 Metaspace       used 51595K, capacity 54782K, committed 54912K, reserved 1095680K
  class space    used 7018K, capacity 7776K, committed 7808K, reserved 1048576K
GC Heap History (10 events):
Event: 13.221 GC heap after
Heap after GC invocations=13 (full 2):
 PSYoungGen      total 97280K, used 0K [0x00000000ec900000, 0x00000000f5700000, 0x0000000100000000)
  eden space 87552K, 0% used [0x00000000ec900000,0x00000000ec900000,0x00000000f1e80000)
  from space 9728K, 0% used [0x00000000f1e80000,0x00000000f1e80000,0x00000000f2800000)
  to   space 9728K, 0% used [0x00000000f4d80000,0x00000000f4d80000,0x00000000f5700000)
 ParOldGen       total 49664K, used 18126K [0x00000000c5a00000, 0x00000000c8a80000, 0x00000000ec900000)
  object space 49664K, 36% used [0x00000000c5a00000,0x00000000c6bb3808,0x00000000c8a80000)
 Metaspace       used 33610K, capacity 35382K, committed 35496K, reserved 1079296K
  class space    used 4502K, capacity 4916K, committed 4992K, reserved 1048576K
}
Event: 16.652 GC heap before
{Heap before GC invocations=14 (full 2):
 PSYoungGen      total 97280K, used 76360K [0x00000000ec900000, 0x00000000f5700000, 0x0000000100000000)
  eden space 87552K, 87% used [0x00000000ec900000,0x00000000f1392138,0x00000000f1e80000)
  from space 9728K, 0% used [0x00000000f1e80000,0x00000000f1e80000,0x00000000f2800000)
  to   space 9728K, 0% used [0x00000000f4d80000,0x00000000f4d80000,0x00000000f5700000)
 ParOldGen       total 49664K, used 18126K [0x00000000c5a00000, 0x00000000c8a80000, 0x00000000ec900000)
  object space 49664K, 36% used [0x00000000c5a00000,0x00000000c6bb3808,0x00000000c8a80000)
 Metaspace       used 43351K, capacity 45712K, committed 45952K, reserved 1089536K
  class space    used 5846K, capacity 6509K, committed 6528K, reserved 1048576K
Event: 16.673 GC heap after
Heap after GC invocations=14 (full 2):
 PSYoungGen      total 128512K, used 9718K [0x00000000ec900000, 0x00000000f5700000, 0x0000000100000000)
  eden space 118784K, 0% used [0x00000000ec900000,0x00000000ec900000,0x00000000f3d00000)
  from space 9728K, 99% used [0x00000000f4d80000,0x00000000f56fdac8,0x00000000f5700000)
  to   space 11776K, 0% used [0x00000000f4000000,0x00000000f4000000,0x00000000f4b80000)
 ParOldGen       total 49664K, used 20161K [0x00000000c5a00000, 0x00000000c8a80000, 0x00000000ec900000)
  object space 49664K, 40% used [0x00000000c5a00000,0x00000000c6db0478,0x00000000c8a80000)
 Metaspace       used 43351K, capacity 45712K, committed 45952K, reserved 1089536K
  class space    used 5846K, capacity 6509K, committed 6528K, reserved 1048576K
}
Event: 18.397 GC heap before
{Heap before GC invocations=15 (full 2):
 PSYoungGen      total 128512K, used 128502K [0x00000000ec900000, 0x00000000f5700000, 0x0000000100000000)
  eden space 118784K, 100% used [0x00000000ec900000,0x00000000f3d00000,0x00000000f3d00000)
  from space 9728K, 99% used [0x00000000f4d80000,0x00000000f56fdac8,0x00000000f5700000)
  to   space 11776K, 0% used [0x00000000f4000000,0x00000000f4000000,0x00000000f4b80000)
 ParOldGen       total 49664K, used 20161K [0x00000000c5a00000, 0x00000000c8a80000, 0x00000000ec900000)
  object space 49664K, 40% used [0x00000000c5a00000,0x00000000c6db0478,0x00000000c8a80000)
 Metaspace       used 46750K, capacity 49694K, committed 49920K, reserved 1091584K
  class space    used 6358K, capacity 7082K, committed 7168K, reserved 1048576K
Event: 18.466 GC heap after
Heap after GC invocations=15 (full 2):
 PSYoungGen      total 133632K, used 6258K [0x00000000ec900000, 0x00000000f8180000, 0x0000000100000000)
  eden space 121856K, 0% used [0x00000000ec900000,0x00000000ec900000,0x00000000f4000000)
  from space 11776K, 53% used [0x00000000f4000000,0x00000000f461cb50,0x00000000f4b80000)
  to   space 11264K, 0% used [0x00000000f7680000,0x00000000f7680000,0x00000000f8180000)
 ParOldGen       total 117248K, used 104468K [0x00000000c5a00000, 0x00000000ccc80000, 0x00000000ec900000)
  object space 117248K, 89% used [0x00000000c5a00000,0x00000000cc005188,0x00000000ccc80000)
 Metaspace       used 46750K, capacity 49694K, committed 49920K, reserved 1091584K
  class space    used 6358K, capacity 7082K, committed 7168K, reserved 1048576K
}
Event: 18.467 GC heap before
{Heap before GC invocations=16 (full 3):
 PSYoungGen      total 133632K, used 6258K [0x00000000ec900000, 0x00000000f8180000, 0x0000000100000000)
  eden space 121856K, 0% used [0x00000000ec900000,0x00000000ec900000,0x00000000f4000000)
  from space 11776K, 53% used [0x00000000f4000000,0x00000000f461cb50,0x00000000f4b80000)
  to   space 11264K, 0% used [0x00000000f7680000,0x00000000f7680000,0x00000000f8180000)
 ParOldGen       total 117248K, used 104468K [0x00000000c5a00000, 0x00000000ccc80000, 0x00000000ec900000)
  object space 117248K, 89% used [0x00000000c5a00000,0x00000000cc005188,0x00000000ccc80000)
 Metaspace       used 46750K, capacity 49694K, committed 49920K, reserved 1091584K
  class space    used 6358K, capacity 7082K, committed 7168K, reserved 1048576K
Event: 18.608 GC heap after
Heap after GC invocations=16 (full 3):
 PSYoungGen      total 133632K, used 0K [0x00000000ec900000, 0x00000000f8180000, 0x0000000100000000)
  eden space 121856K, 0% used [0x00000000ec900000,0x00000000ec900000,0x00000000f4000000)
  from space 11776K, 0% used [0x00000000f4000000,0x00000000f4000000,0x00000000f4b80000)
  to   space 11264K, 0% used [0x00000000f7680000,0x00000000f7680000,0x00000000f8180000)
 ParOldGen       total 156672K, used 88810K [0x00000000c5a00000, 0x00000000cf300000, 0x00000000ec900000)
  object space 156672K, 56% used [0x00000000c5a00000,0x00000000cb0ba818,0x00000000cf300000)
 Metaspace       used 46750K, capacity 49694K, committed 49920K, reserved 1091584K
  class space    used 6358K, capacity 7082K, committed 7168K, reserved 1048576K
}
Event: 49.224 GC heap before
{Heap before GC invocations=17 (full 3):
 PSYoungGen      total 133632K, used 114720K [0x00000000ec900000, 0x00000000f8180000, 0x0000000100000000)
  eden space 121856K, 94% used [0x00000000ec900000,0x00000000f3908298,0x00000000f4000000)
  from space 11776K, 0% used [0x00000000f4000000,0x00000000f4000000,0x00000000f4b80000)
  to   space 11264K, 0% used [0x00000000f7680000,0x00000000f7680000,0x00000000f8180000)
 ParOldGen       total 156672K, used 88810K [0x00000000c5a00000, 0x00000000cf300000, 0x00000000ec900000)
  object space 156672K, 56% used [0x00000000c5a00000,0x00000000cb0ba818,0x00000000cf300000)
 Metaspace       used 51595K, capacity 54782K, committed 54912K, reserved 1095680K
  class space    used 7018K, capacity 7776K, committed 7808K, reserved 1048576K
Event: 49.394 GC heap after
Heap after GC invocations=17 (full 3):
 PSYoungGen      total 167424K, used 7667K [0x00000000ec900000, 0x00000000f7e00000, 0x0000000100000000)
  eden space 159744K, 0% used [0x00000000ec900000,0x00000000ec900000,0x00000000f6500000)
  from space 7680K, 99% used [0x00000000f7680000,0x00000000f7dfcd00,0x00000000f7e00000)
  to   space 11776K, 0% used [0x00000000f6700000,0x00000000f6700000,0x00000000f7280000)
 ParOldGen       total 173568K, used 170738K [0x00000000c5a00000, 0x00000000d0380000, 0x00000000ec900000)
  object space 173568K, 98% used [0x00000000c5a00000,0x00000000d00bc868,0x00000000d0380000)
 Metaspace       used 51595K, capacity 54782K, committed 54912K, reserved 1095680K
  class space    used 7018K, capacity 7776K, committed 7808K, reserved 1048576K
}
Event: 49.394 GC heap before
{Heap before GC invocations=18 (full 4):
 PSYoungGen      total 167424K, used 7667K [0x00000000ec900000, 0x00000000f7e00000, 0x0000000100000000)
  eden space 159744K, 0% used [0x00000000ec900000,0x00000000ec900000,0x00000000f6500000)
  from space 7680K, 99% used [0x00000000f7680000,0x00000000f7dfcd00,0x00000000f7e00000)
  to   space 11776K, 0% used [0x00000000f6700000,0x00000000f6700000,0x00000000f7280000)
 ParOldGen       total 173568K, used 170738K [0x00000000c5a00000, 0x00000000d0380000, 0x00000000ec900000)
  object space 173568K, 98% used [0x00000000c5a00000,0x00000000d00bc868,0x00000000d0380000)
 Metaspace       used 51595K, capacity 54782K, committed 54912K, reserved 1095680K
  class space    used 7018K, capacity 7776K, committed 7808K, reserved 1048576K

